<?xml version="1.0" encoding="UTF-8"?>
<!-- Generated by org.testng.reporters.JUnitReportReporter -->
<testsuite hostname="LAPTOP-GQH43HKM" failures="0" tests="8" name="IBM_May.RestAssured1.datafromjsonfile" time="8.565" errors="0" timestamp="21 May 2022 13:06:18 GMT" skipped="0">
  <testcase classname="IBM_May.RestAssured1.datafromjsonfile" name="testcase2" time="0.064"/>
  <testcase classname="IBM_May.RestAssured1.datafromjsonfile" name="testcase4" time="2.044"/>
  <testcase classname="IBM_May.RestAssured1.datafromjsonfile" name="testcase5" time="1.790"/>
  <testcase classname="IBM_May.RestAssured1.datafromjsonfile" name="testcase6" time="0.028"/>
  <testcase classname="IBM_May.RestAssured1.datafromjsonfile" name="testcase7" time="0.029"/>
  <testcase classname="IBM_May.RestAssured1.datafromjsonfile" name="testcase3" time="0.026"/>
  <testcase classname="IBM_May.RestAssured1.datafromjsonfile" name="testcase8" time="0.025"/>
  <testcase classname="IBM_May.RestAssured1.datafromjsonfile" name="testcase1" time="4.559"/>
</testsuite> <!-- IBM_May.RestAssured1.datafromjsonfile -->
